<?xml version="1.0" encoding="UTF-8"?>
<!-- Generated by org.testng.reporters.JUnitXMLReporter -->
<testsuite hostname="ciragalapc" ignored="0" name="Nopackage" tests="4" failures="0" timestamp="17 Dec 2019 15:23:19 GMT" time="0.028" errors="0">
  <testcase name="login_TC1" time="0.007" classname="login.Login"/>
  <testcase name="login_TC2" time="0.001" classname="login.Login"/>
  <testcase name="login_TC3" time="0.001" classname="login.Login"/>
  <testcase name="login_TC4" time="0.001" classname="login.Login"/>
</testsuite> <!-- Nopackage -->
