<?xml version="1.0" encoding="UTF-8"?>
<!-- Generated by org.testng.reporters.JUnitXMLReporter -->
<testsuite hostname="ciragalapc" ignored="0" name="Default test" tests="4" failures="0" timestamp="10 Dec 2019 16:30:55 GMT" time="0.026" errors="0">
  <testcase name="login_TC1" time="0.008" classname="login.Login"/>
  <testcase name="login_TC2" time="0.001" classname="login.Login"/>
  <testcase name="login_TC3" time="0.001" classname="login.Login"/>
  <testcase name="login_TC4" time="0.002" classname="login.Login"/>
</testsuite> <!-- Default test -->
